{"C:\\Cravings\\Cravings\\src\\components\\RestaurantCard.js": {"path":"C:\\Cravings\\Cravings\\src\\components\\RestaurantCard.js","statementMap":{"0":{"start":{"line":3,"column":23},"end":{"line":30,"column":1}},"1":{"start":{"line":4,"column":24},"end":{"line":4,"column":29}},"2":{"start":{"line":12,"column":8},"end":{"line":12,"column":21}},"3":{"start":{"line":15,"column":8},"end":{"line":15,"column":25}},"4":{"start":{"line":16,"column":4},"end":{"line":29,"column":6}},"5":{"start":{"line":32,"column":31},"end":{"line":41,"column":1}},"6":{"start":{"line":33,"column":4},"end":{"line":40,"column":5}},"7":{"start":{"line":34,"column":8},"end":{"line":39,"column":9}}},"fnMap":{"0":{"name":"(anonymous_0)","decl":{"start":{"line":3,"column":23},"end":{"line":3,"column":24}},"loc":{"start":{"line":3,"column":34},"end":{"line":30,"column":1}},"line":3},"1":{"name":"(anonymous_1)","decl":{"start":{"line":32,"column":31},"end":{"line":32,"column":32}},"loc":{"start":{"line":32,"column":49},"end":{"line":41,"column":1}},"line":32},"2":{"name":"(anonymous_2)","decl":{"start":{"line":33,"column":10},"end":{"line":33,"column":11}},"loc":{"start":{"line":33,"column":19},"end":{"line":40,"column":5}},"line":33}},"branchMap":{},"s":{"0":1,"1":1,"2":1,"3":1,"4":1,"5":1,"6":0,"7":0},"f":{"0":1,"1":0,"2":0},"b":{},"_coverageSchema":"1a1c01bbd47fc00a2c39e90264f33305004495a9","hash":"26b14d76639d77f726528bd10b1bb3af55064ee7"}
,"C:\\Cravings\\Cravings\\src\\utils\\constants.js": {"path":"C:\\Cravings\\Cravings\\src\\utils\\constants.js","statementMap":{"0":{"start":{"line":1,"column":21},"end":{"line":1,"column":104}},"1":{"start":{"line":2,"column":22},"end":{"line":2,"column":123}},"2":{"start":{"line":4,"column":22},"end":{"line":4,"column":179}}},"fnMap":{},"branchMap":{},"s":{"0":1,"1":1,"2":1},"f":{},"b":{},"_coverageSchema":"1a1c01bbd47fc00a2c39e90264f33305004495a9","hash":"ffc953abfdb6f973df18e8355b3228c2afd00d31"}
}
